<?xml version="1.0" encoding="UTF-8"?>
<!-- Generated by org.testng.reporters.JUnitReportReporter -->
<testsuite hostname="DESKTOP-1Q7D8OU" failures="0" tests="1" name="testpackage.TestClass" time="0.700" errors="0" timestamp="2022-03-23T15:58:03 IST" skipped="0">
  <testcase classname="testpackage.TestClass" name="login345" time="0.700"/>
  <system-out/>
</testsuite> <!-- testpackage.TestClass -->
