<?xml version="1.0" encoding="UTF-8"?>
<!-- Generated by org.testng.reporters.JUnitReportReporter -->
<testsuite hostname="DESKTOP-1Q7D8OU" failures="0" tests="2" name="test.TestCase1" time="5.271" errors="0" timestamp="2022-02-10T12:58:47 IST" skipped="0">
  <testcase classname="test.TestCase1" name="SS1" time="3.360"/>
  <system-out/>
  <testcase classname="test.TestCase1" name="SS2" time="1.911"/>
  <system-out/>
</testsuite> <!-- test.TestCase1 -->
