<?xml version="1.0" encoding="UTF-8"?>
<!-- Generated by org.testng.reporters.JUnitReportReporter -->
<testsuite hostname="DESKTOP-1Q7D8OU" failures="0" tests="1" name="testCustomerPages.TestLoginPage" time="0.430" errors="0" timestamp="2022-02-17T11:17:06 IST" skipped="0">
  <testcase classname="testCustomerPages.TestLoginPage" name="LoginPage" time="0.430"/>
  <system-out/>
</testsuite> <!-- testCustomerPages.TestLoginPage -->
